#
# A fatal error has been detected by the Java Runtime Environment:
#
#  Internal Error (javaClasses.cpp:136), pid=5012, tid=7232
#  fatal error: Invalid layout of preloaded class
#
# JRE version:  (7.0_45-b18) (build )
# Java VM: Java HotSpot(TM) 64-Bit Server VM (24.45-b08 mixed mode windows-amd64 compressed oops)
# Failed to write core dump. Minidumps are not enabled by default on client versions of Windows
#
# If you would like to submit a bug report, please visit:
#   http://bugreport.sun.com/bugreport/crash.jsp
#

---------------  T H R E A D  ---------------

Current thread (0x0000000002510800):  JavaThread "Unknown thread" [_thread_in_vm, id=7232, stack(0x0000000002410000,0x0000000002510000)]

Stack: [0x0000000002410000,0x0000000002510000]

---------------  P R O C E S S  ---------------

Java Threads: ( => current thread )

Other Threads:

=>0x0000000002510800 (exited) JavaThread "Unknown thread" [_thread_in_vm, id=7232, stack(0x0000000002410000,0x0000000002510000)]

VM state:not at safepoint (not fully initialized)

VM Mutex/Monitor currently owned by a thread: None

GC Heap History (0 events):
No events

Deoptimization events (0 events):
No events

Internal exceptions (0 events):
No events

Events (10 events):
Event: 0.013 loading class 0x000000000255e870 done
Event: 0.013 loading class 0x000000000255e290 done
Event: 0.013 loading class 0x000000000255e270
Event: 0.014 loading class 0x0000000002566370
Event: 0.014 loading class 0x0000000002566370 done
Event: 0.014 loading class 0x00000000025663a0
Event: 0.014 loading class 0x00000000025663a0 done
Event: 0.014 loading class 0x00000000025663d0
Event: 0.014 loading class 0x00000000025663d0 done
Event: 0.014 loading class 0x000000000255e270 done


Dynamic libraries:
0x00007ff6a7250000 - 0x00007ff6a7283000 	C:\Program Files\Java\jre7\bin\javaw.exe
0x00007ffa430a0000 - 0x00007ffa43249000 	C:\WINDOWS\SYSTEM32\ntdll.dll
0x00007ffa421d0000 - 0x00007ffa42309000 	C:\WINDOWS\system32\KERNEL32.DLL
0x00007ffa407d0000 - 0x00007ffa408de000 	C:\WINDOWS\system32\KERNELBASE.dll
0x00007ffa3ef70000 - 0x00007ffa3effb000 	C:\WINDOWS\system32\apphelp.dll
0x00007ffa3a3e0000 - 0x00007ffa3a42f000 	C:\WINDOWS\AppPatch\AppPatch64\AcGenral.DLL
0x00007ffa42a30000 - 0x00007ffa42ad7000 	C:\WINDOWS\system32\msvcrt.dll
0x00007ffa40260000 - 0x00007ffa4028b000 	C:\WINDOWS\SYSTEM32\SspiCli.dll
0x00007ffa409b0000 - 0x00007ffa40a01000 	C:\WINDOWS\system32\SHLWAPI.dll
0x00007ffa40ba0000 - 0x00007ffa40d11000 	C:\WINDOWS\system32\USER32.dll
0x00007ffa42450000 - 0x00007ffa425c6000 	C:\WINDOWS\system32\ole32.dll
0x00007ffa40d20000 - 0x00007ffa4212f000 	C:\WINDOWS\system32\SHELL32.dll
0x00007ffa3fa80000 - 0x00007ffa3fa9f000 	C:\WINDOWS\SYSTEM32\USERENV.dll
0x00007ffa40ad0000 - 0x00007ffa40b75000 	C:\WINDOWS\system32\ADVAPI32.dll
0x00007ffa3caa0000 - 0x00007ffa3cabb000 	C:\WINDOWS\SYSTEM32\MPR.dll
0x00007ffa42310000 - 0x00007ffa42446000 	C:\WINDOWS\system32\RPCRT4.dll
0x00007ffa42900000 - 0x00007ffa42957000 	C:\WINDOWS\SYSTEM32\sechost.dll
0x00007ffa42d80000 - 0x00007ffa42f57000 	C:\WINDOWS\SYSTEM32\combase.dll
0x00007ffa427b0000 - 0x00007ffa428f5000 	C:\WINDOWS\system32\GDI32.dll
0x00007ffa40420000 - 0x00007ffa40434000 	C:\WINDOWS\SYSTEM32\profapi.dll
0x00007ffa3e9d0000 - 0x00007ffa3ea71000 	C:\WINDOWS\SYSTEM32\SHCORE.dll
0x00007ffa425d0000 - 0x00007ffa42604000 	C:\WINDOWS\system32\IMM32.DLL
0x00007ffa42f60000 - 0x00007ffa43098000 	C:\WINDOWS\system32\MSCTF.dll
0x00007ffa3e380000 - 0x00007ffa3e5da000 	C:\WINDOWS\WinSxS\amd64_microsoft.windows.common-controls_6595b64144ccf1df_6.0.9600.16384_none_62475f7becb72503\COMCTL32.dll
0x000000005d000000 - 0x000000005d0d2000 	C:\Program Files\Java\jre7\bin\msvcr100.dll
0x000000005bea0000 - 0x000000005c669000 	C:\Program Files\Java\jre7\bin\server\jvm.dll
0x00007ffa36200000 - 0x00007ffa36209000 	C:\WINDOWS\SYSTEM32\WSOCK32.dll
0x00007ffa3c9a0000 - 0x00007ffa3c9bf000 	C:\WINDOWS\SYSTEM32\WINMM.dll
0x00007ffa42960000 - 0x00007ffa42967000 	C:\WINDOWS\system32\PSAPI.DLL
0x00007ffa42b40000 - 0x00007ffa42b98000 	C:\WINDOWS\system32\WS2_32.dll
0x00007ffa39b00000 - 0x00007ffa39b2a000 	C:\WINDOWS\SYSTEM32\WINMMBASE.dll
0x00007ffa40b80000 - 0x00007ffa40b89000 	C:\WINDOWS\system32\NSI.dll
0x00007ffa408e0000 - 0x00007ffa4092a000 	C:\WINDOWS\SYSTEM32\cfgmgr32.dll
0x00007ffa3f1c0000 - 0x00007ffa3f1e6000 	C:\WINDOWS\SYSTEM32\DEVOBJ.dll
0x000000005cff0000 - 0x000000005cfff000 	C:\Program Files\Java\jre7\bin\verify.dll
0x000000005cfc0000 - 0x000000005cfe8000 	C:\Program Files\Java\jre7\bin\java.dll
0x000000005cfa0000 - 0x000000005cfb5000 	C:\Program Files\Java\jre7\bin\zip.dll

VM Arguments:
jvm_args: -Dfile.encoding=Cp1252 -Xbootclasspath:D:\android-sdk\platforms\android-19\android.jar 
java_command: br.com.calcdesempenho.util.Util
Launcher Type: SUN_STANDARD

Environment Variables:
PATH=c:\Program Files (x86)\AMD APP\bin\x86_64;c:\Program Files (x86)\AMD APP\bin\x86;c:\Program Files (x86)\Intel\iCLS Client\;c:\Program Files\Intel\iCLS Client\;C:\WINDOWS\system32;C:\WINDOWS;C:\WINDOWS\System32\Wbem;C:\WINDOWS\System32\WindowsPowerShell\v1.0\;C:\Program Files\Intel\Intel(R) Management Engine Components\DAL;C:\Program Files\Intel\Intel(R) Management Engine Components\IPT;C:\Program Files (x86)\Intel\Intel(R) Management Engine Components\DAL;C:\Program Files (x86)\Intel\Intel(R) Management Engine Components\IPT;c:\Program Files (x86)\ATI Technologies\ATI.ACE\Core-Static;C:\Program Files (x86)\Windows Live\Shared;C:\Program Files (x86)\Windows Kits\8.1\Windows Performance Toolkit\;C:\Program Files\Microsoft SQL Server\110\Tools\Binn\;0X0.000000P-1022NDROID_HOME\tools;0X0.000006P-1022NDROID_HOME\platform-tools
USERNAME=Rafael
OS=Windows_NT
PROCESSOR_IDENTIFIER=Intel64 Family 6 Model 58 Stepping 9, GenuineIntel



---------------  S Y S T E M  ---------------

OS: Windows 8 , 64 bit Build 9200 

CPU:total 8 (4 cores per cpu, 2 threads per core) family 6 model 58 stepping 9, cmov, cx8, fxsr, mmx, sse, sse2, sse3, ssse3, sse4.1, sse4.2, popcnt, avx, aes, erms, ht, tsc, tscinvbit, tscinv

Memory: 4k page, physical 8254740k(4527592k free), swap 9565460k(4800732k free)

vm_info: Java HotSpot(TM) 64-Bit Server VM (24.45-b08) for windows-amd64 JRE (1.7.0_45-b18), built on Oct  8 2013 05:47:22 by "java_re" with unknown MS VC++:1600

time: Fri Jan 03 21:10:02 2014
elapsed time: 0 seconds

